[debug] [2020-01-15T05:59:33.902Z] ----------------------------------------------------------------------
[debug] [2020-01-15T05:59:33.904Z] Command:       /usr/bin/node /usr/local/bin/firebase deploy
[debug] [2020-01-15T05:59:33.905Z] CLI Version:   7.12.0
[debug] [2020-01-15T05:59:33.905Z] Platform:      linux
[debug] [2020-01-15T05:59:33.905Z] Node Version:  v10.15.2
[debug] [2020-01-15T05:59:33.905Z] Time:          Wed Jan 15 2020 11:29:33 GMT+0530 (India Standard Time)
[debug] [2020-01-15T05:59:33.905Z] ----------------------------------------------------------------------
[debug] [2020-01-15T05:59:33.905Z] 
[debug] [2020-01-15T05:59:33.916Z] > command requires scopes: ["email","openid","https://www.googleapis.com/auth/cloudplatformprojects.readonly","https://www.googleapis.com/auth/firebase","https://www.googleapis.com/auth/cloud-platform"]
[debug] [2020-01-15T05:59:33.916Z] > authorizing via signed-in user
[debug] [2020-01-15T05:59:33.916Z] [iam] checking project eazypg-3598f for permissions ["cloudfunctions.functions.create","cloudfunctions.functions.delete","cloudfunctions.functions.get","cloudfunctions.functions.list","cloudfunctions.functions.update","cloudfunctions.operations.get","firebase.projects.get","firebasedatabase.instances.update"]
[debug] [2020-01-15T05:59:33.919Z] > refreshing access token with scopes: ["email","https://www.googleapis.com/auth/cloud-platform","https://www.googleapis.com/auth/cloudplatformprojects.readonly","https://www.googleapis.com/auth/firebase","openid"]
[debug] [2020-01-15T05:59:33.919Z] >>> HTTP REQUEST POST https://www.googleapis.com/oauth2/v3/token  
 <request body omitted>
[debug] [2020-01-15T05:59:34.751Z] <<< HTTP RESPONSE 200
[debug] [2020-01-15T05:59:34.809Z] >>> HTTP REQUEST POST https://cloudresourcemanager.googleapis.com/v1/projects/eazypg-3598f:testIamPermissions  

[debug] [2020-01-15T05:59:36.972Z] <<< HTTP RESPONSE 200
[debug] [2020-01-15T05:59:36.977Z] >>> HTTP REQUEST GET https://firebase.googleapis.com/v1beta1/projects/eazypg-3598f  
 
[debug] [2020-01-15T05:59:37.933Z] <<< HTTP RESPONSE 200
[info] 
[info] === Deploying to 'eazypg-3598f'...
[info] 
[info] i  deploying database, functions
[info] Running command: npm --prefix "$RESOURCE_DIR" run lint
[info] ✔  functions: Finished running predeploy script.
[info] i  database: checking rules syntax...
[debug] [2020-01-15T05:59:46.826Z] >>> HTTP REQUEST PUT https://eazypg-3598f.firebaseio.com/.settings/rules.json?dryRun=true  
 {
  "rules": {
    ".read": false,
    ".write": false
  }
}

[debug] [2020-01-15T05:59:48.813Z] <<< HTTP RESPONSE 200
[info] ✔  database: rules syntax for database eazypg-3598f is valid
[debug] [2020-01-15T05:59:48.821Z] > [functions] package.json contents: {
  "name": "functions",
  "description": "Cloud Functions for Firebase",
  "scripts": {
    "lint": "eslint .",
    "serve": "firebase serve --only functions",
    "shell": "firebase functions:shell",
    "start": "npm run shell",
    "deploy": "firebase deploy --only functions",
    "logs": "firebase functions:log"
  },
  "engines": {
    "node": "8"
  },
  "dependencies": {
    "firebase-admin": "^8.6.0",
    "firebase-functions": "^3.3.0",
    "google-auth-library": "^1.6.1",
    "googleapis": "^27.0.0"
  },
  "devDependencies": {
    "eslint": "^5.12.0",
    "eslint-plugin-promise": "^4.0.1",
    "firebase-functions-test": "^0.1.6"
  },
  "private": true,
  "version": "1.0.0",
  "main": "index.js",
  "author": "",
  "license": "ISC"
}
[info] i  functions: ensuring necessary APIs are enabled...
[debug] [2020-01-15T05:59:48.825Z] >>> HTTP REQUEST GET https://serviceusage.googleapis.com/v1/projects/eazypg-3598f/services/cloudfunctions.googleapis.com  
 
[debug] [2020-01-15T05:59:48.826Z] >>> HTTP REQUEST GET https://serviceusage.googleapis.com/v1/projects/eazypg-3598f/services/runtimeconfig.googleapis.com  
 
[debug] [2020-01-15T05:59:51.385Z] <<< HTTP RESPONSE 200
[debug] [2020-01-15T05:59:51.471Z] <<< HTTP RESPONSE 200
[info] ✔  functions: all necessary APIs are enabled
[debug] [2020-01-15T05:59:51.473Z] >>> HTTP REQUEST GET https://firebase.googleapis.com/v1beta1/projects/eazypg-3598f/adminSdkConfig  
 
[debug] [2020-01-15T05:59:52.012Z] <<< HTTP RESPONSE 200
[info] i  functions: preparing functions directory for uploading...
[debug] [2020-01-15T05:59:52.020Z] >>> HTTP REQUEST GET https://runtimeconfig.googleapis.com/v1beta1/projects/eazypg-3598f/configs  
 
[debug] [2020-01-15T05:59:52.973Z] <<< HTTP RESPONSE 200
[info] i  functions: packaged functions (43.57 KB) for uploading
[debug] [2020-01-15T05:59:54.733Z] >>> HTTP REQUEST POST https://cloudfunctions.googleapis.com/v1/projects/eazypg-3598f/locations/us-central1/functions:generateUploadUrl  
 
[debug] [2020-01-15T05:59:56.173Z] <<< HTTP RESPONSE 200
[debug] [2020-01-15T05:59:56.176Z] >>> HTTP REQUEST PUT https://storage.googleapis.com/gcf-upload-us-central1-755dd46f-39d2-4d8f-9d98-f26109134e5f/a29bff0c-0fa7-4b07-9d3f-e7ce2453d79f.zip?GoogleAccessId=service-931005648015@gcf-admin-robot.iam.gserviceaccount.com&Expires=1579069795&Signature=dL5ndDq3f6Q7XOcl2sjKN4g0qEgt5z0rhC7P793oTHnIxqNj2MwkFRgzzi3%2FgM6YL8zqbcih0EBVYcSrNEv4eZRkEs6rS34%2F9S3Rhy3sYR7SYp1FG1sb19uJdfjoNLdm%2F0c7MSxzzRrC7Ye%2F7JwetoyykMht95IIkERbfQUy6j6Qxnrayo9OjovuvAO4wrEbgNhU60dhm7L4wx%2FcDmAN88alBX0WGNvap6uxJ1962%2FwtA2fmh%2F2CrJuuUyBdmjdRnmmX9qafbCNwM5I43ynCgvbcTZ95TQjvDMHut04wAjj1oUAfnVIfMVqm6Vy5KUkXfZJGBqk1gAOGb38gatlp%2Bw%3D%3D  
 <request body omitted>
[debug] [2020-01-15T05:59:57.453Z] <<< HTTP RESPONSE 200
[info] ✔  functions: functions folder uploaded successfully
[info] i  database: releasing rules...
[debug] [2020-01-15T05:59:57.457Z] >>> HTTP REQUEST PUT https://eazypg-3598f.firebaseio.com/.settings/rules.json  
 {
  "rules": {
    ".read": false,
    ".write": false
  }
}

[debug] [2020-01-15T05:59:59.053Z] <<< HTTP RESPONSE 200
[info] ✔  database: rules for database eazypg-3598f released successfully
[debug] [2020-01-15T05:59:59.060Z] >>> HTTP REQUEST GET https://cloudfunctions.googleapis.com/v1/projects/eazypg-3598f/locations/-/functions  
 
[debug] [2020-01-15T06:00:00.336Z] <<< HTTP RESPONSE 200
[info] i  functions: updating Node.js 8 function authgoogleapi(us-central1)...
[debug] [2020-01-15T06:00:00.345Z] Trigger is:  {"httpsTrigger":{}}
[info] i  functions: updating Node.js 8 function oauthcallback(us-central1)...
[debug] [2020-01-15T06:00:00.346Z] Trigger is:  {"httpsTrigger":{}}
[info] i  functions: updating Node.js 8 function updateSheet(us-central1)...
[debug] [2020-01-15T06:00:00.346Z] Trigger is:  {"eventTrigger":{"resource":"projects/_/instances/eazypg-3598f/refs/eazypg-3598f","eventType":"providers/google.firebase.database/eventTypes/ref.write","service":"firebaseio.com"}}
[info] 
The following functions are found in your project but do not exist in your local source code:
	testsheetwrite(us-central1)

If you are renaming a function or changing its region, it is recommended that you create the new function first before deleting the old one to prevent event loss. For more info, visit https://firebase.google.com/docs/functions/manage-functions#modify

[info] i  functions: continuing with other deployments.
[debug] [2020-01-15T06:00:06.698Z] >>> HTTP REQUEST GET https://serviceusage.googleapis.com/v1/projects/eazypg-3598f/services/cloudscheduler.googleapis.com  
 
